0 info it worked if it ends with ok
1 verbose cli [ '/usr/local/Cellar/node/0.10.25/bin/node',
1 verbose cli   '/usr/local/bin/npm',
1 verbose cli   'publish' ]
2 info using npm@1.3.24
3 info using node@v0.10.25
4 verbose publish [ '.' ]
5 verbose cache add [ '.', null ]
6 verbose cache add name=undefined spec="." args=[".",null]
7 verbose parsed url { protocol: null,
7 verbose parsed url   slashes: null,
7 verbose parsed url   auth: null,
7 verbose parsed url   host: null,
7 verbose parsed url   port: null,
7 verbose parsed url   hostname: null,
7 verbose parsed url   hash: null,
7 verbose parsed url   search: null,
7 verbose parsed url   query: null,
7 verbose parsed url   pathname: '.',
7 verbose parsed url   path: '.',
7 verbose parsed url   href: '.' }
8 silly lockFile 3a52ce78- .
9 verbose lock . /Users/joel/.npm/3a52ce78-.lock
10 verbose tar pack [ '/var/folders/yv/kwz7_szx0s3d3zg4bh9gyjxr0000gn/T/npm-14486-YYbC3QWk/1405301665601-0.3064851111266762/tmp.tgz',
10 verbose tar pack   '.' ]
11 verbose tarball /var/folders/yv/kwz7_szx0s3d3zg4bh9gyjxr0000gn/T/npm-14486-YYbC3QWk/1405301665601-0.3064851111266762/tmp.tgz
12 verbose folder .
13 info prepublish generator-esri-bootstrap-map@0.3.0
14 silly lockFile 1f1177db-tar tar://.
15 verbose lock tar://. /Users/joel/.npm/1f1177db-tar.lock
16 silly lockFile 0f2d1e7a-65601-0-3064851111266762-tmp-tgz tar:///var/folders/yv/kwz7_szx0s3d3zg4bh9gyjxr0000gn/T/npm-14486-YYbC3QWk/1405301665601-0.3064851111266762/tmp.tgz
17 verbose lock tar:///var/folders/yv/kwz7_szx0s3d3zg4bh9gyjxr0000gn/T/npm-14486-YYbC3QWk/1405301665601-0.3064851111266762/tmp.tgz /Users/joel/.npm/0f2d1e7a-65601-0-3064851111266762-tmp-tgz.lock
18 silly lockFile 1f1177db-tar tar://.
19 silly lockFile 1f1177db-tar tar://.
20 silly lockFile 0f2d1e7a-65601-0-3064851111266762-tmp-tgz tar:///var/folders/yv/kwz7_szx0s3d3zg4bh9gyjxr0000gn/T/npm-14486-YYbC3QWk/1405301665601-0.3064851111266762/tmp.tgz
21 silly lockFile 0f2d1e7a-65601-0-3064851111266762-tmp-tgz tar:///var/folders/yv/kwz7_szx0s3d3zg4bh9gyjxr0000gn/T/npm-14486-YYbC3QWk/1405301665601-0.3064851111266762/tmp.tgz
22 verbose tar unpack /var/folders/yv/kwz7_szx0s3d3zg4bh9gyjxr0000gn/T/npm-14486-YYbC3QWk/1405301665601-0.3064851111266762/tmp.tgz
23 silly lockFile fefee388-65601-0-3064851111266762-package tar:///var/folders/yv/kwz7_szx0s3d3zg4bh9gyjxr0000gn/T/npm-14486-YYbC3QWk/1405301665601-0.3064851111266762/package
24 verbose lock tar:///var/folders/yv/kwz7_szx0s3d3zg4bh9gyjxr0000gn/T/npm-14486-YYbC3QWk/1405301665601-0.3064851111266762/package /Users/joel/.npm/fefee388-65601-0-3064851111266762-package.lock
25 silly lockFile 0f2d1e7a-65601-0-3064851111266762-tmp-tgz tar:///var/folders/yv/kwz7_szx0s3d3zg4bh9gyjxr0000gn/T/npm-14486-YYbC3QWk/1405301665601-0.3064851111266762/tmp.tgz
26 verbose lock tar:///var/folders/yv/kwz7_szx0s3d3zg4bh9gyjxr0000gn/T/npm-14486-YYbC3QWk/1405301665601-0.3064851111266762/tmp.tgz /Users/joel/.npm/0f2d1e7a-65601-0-3064851111266762-tmp-tgz.lock
27 silly gunzTarPerm modes [ '755', '644' ]
28 silly gunzTarPerm extractEntry package.json
29 silly gunzTarPerm extractEntry README.md
30 silly gunzTarPerm extractEntry app/index.js
31 silly gunzTarPerm extractEntry app/templates/package.json
32 silly gunzTarPerm extractEntry app/templates/.npmignore
33 silly gunzTarPerm extractEntry app/templates/_dojo-config.js
34 silly gunzTarPerm extractEntry app/templates/Gruntfile.js
35 silly gunzTarPerm extractEntry app/templates/_bootstrapmap.js
36 silly gunzTarPerm extractEntry app/templates/jshintrc
37 silly gunzTarPerm extractEntry app/templates/_bootstrapmap.css
38 silly gunzTarPerm extractEntry app/templates/bower.json
39 silly gunzTarPerm extractEntry app/templates/map-fullmap/_map.js
40 silly gunzTarPerm extractEntry app/templates/map-fullmap/_index.html
41 silly gunzTarPerm extractEntry app/templates/map-fullmap/_style.css
42 silly gunzTarPerm extractEntry app/templates/map-geosearch/_map.js
43 silly gunzTarPerm extractEntry app/templates/map-geosearch/_index.html
44 silly gunzTarPerm extractEntry app/templates/map-geosearch/_style.css
45 silly gunzTarPerm extractEntry app/templates/map-starter/_map.js
46 silly gunzTarPerm extractEntry app/templates/map-starter/_index.html
47 silly gunzTarPerm extractEntry app/templates/map-starter/_style.css
48 silly gunzTarPerm extractEntry app/templates/map-webmap/_map.js
49 silly gunzTarPerm extractEntry app/templates/map-webmap/_index.html
50 silly gunzTarPerm extractEntry app/templates/map-webmap/_style.css
51 silly gunzTarPerm extractEntry app/templates/editorconfig
52 silly lockFile fefee388-65601-0-3064851111266762-package tar:///var/folders/yv/kwz7_szx0s3d3zg4bh9gyjxr0000gn/T/npm-14486-YYbC3QWk/1405301665601-0.3064851111266762/package
53 silly lockFile fefee388-65601-0-3064851111266762-package tar:///var/folders/yv/kwz7_szx0s3d3zg4bh9gyjxr0000gn/T/npm-14486-YYbC3QWk/1405301665601-0.3064851111266762/package
54 silly lockFile 0f2d1e7a-65601-0-3064851111266762-tmp-tgz tar:///var/folders/yv/kwz7_szx0s3d3zg4bh9gyjxr0000gn/T/npm-14486-YYbC3QWk/1405301665601-0.3064851111266762/tmp.tgz
55 silly lockFile 0f2d1e7a-65601-0-3064851111266762-tmp-tgz tar:///var/folders/yv/kwz7_szx0s3d3zg4bh9gyjxr0000gn/T/npm-14486-YYbC3QWk/1405301665601-0.3064851111266762/tmp.tgz
56 verbose tar pack [ '/Users/joel/.npm/generator-esri-bootstrap-map/0.3.0/package.tgz',
56 verbose tar pack   '/var/folders/yv/kwz7_szx0s3d3zg4bh9gyjxr0000gn/T/npm-14486-YYbC3QWk/1405301665601-0.3064851111266762/package' ]
57 verbose tarball /Users/joel/.npm/generator-esri-bootstrap-map/0.3.0/package.tgz
58 verbose folder /var/folders/yv/kwz7_szx0s3d3zg4bh9gyjxr0000gn/T/npm-14486-YYbC3QWk/1405301665601-0.3064851111266762/package
59 silly lockFile fefee388-65601-0-3064851111266762-package tar:///var/folders/yv/kwz7_szx0s3d3zg4bh9gyjxr0000gn/T/npm-14486-YYbC3QWk/1405301665601-0.3064851111266762/package
60 verbose lock tar:///var/folders/yv/kwz7_szx0s3d3zg4bh9gyjxr0000gn/T/npm-14486-YYbC3QWk/1405301665601-0.3064851111266762/package /Users/joel/.npm/fefee388-65601-0-3064851111266762-package.lock
61 silly lockFile 6af71f78--bootstrap-map-0-3-0-package-tgz tar:///Users/joel/.npm/generator-esri-bootstrap-map/0.3.0/package.tgz
62 verbose lock tar:///Users/joel/.npm/generator-esri-bootstrap-map/0.3.0/package.tgz /Users/joel/.npm/6af71f78--bootstrap-map-0-3-0-package-tgz.lock
63 silly lockFile fefee388-65601-0-3064851111266762-package tar:///var/folders/yv/kwz7_szx0s3d3zg4bh9gyjxr0000gn/T/npm-14486-YYbC3QWk/1405301665601-0.3064851111266762/package
64 silly lockFile fefee388-65601-0-3064851111266762-package tar:///var/folders/yv/kwz7_szx0s3d3zg4bh9gyjxr0000gn/T/npm-14486-YYbC3QWk/1405301665601-0.3064851111266762/package
65 silly lockFile 6af71f78--bootstrap-map-0-3-0-package-tgz tar:///Users/joel/.npm/generator-esri-bootstrap-map/0.3.0/package.tgz
66 silly lockFile 6af71f78--bootstrap-map-0-3-0-package-tgz tar:///Users/joel/.npm/generator-esri-bootstrap-map/0.3.0/package.tgz
67 silly lockFile 2d1f7ecd-esri-bootstrap-map-0-3-0-package /Users/joel/.npm/generator-esri-bootstrap-map/0.3.0/package
68 verbose lock /Users/joel/.npm/generator-esri-bootstrap-map/0.3.0/package /Users/joel/.npm/2d1f7ecd-esri-bootstrap-map-0-3-0-package.lock
69 silly lockFile 2d1f7ecd-esri-bootstrap-map-0-3-0-package /Users/joel/.npm/generator-esri-bootstrap-map/0.3.0/package
70 silly lockFile 2d1f7ecd-esri-bootstrap-map-0-3-0-package /Users/joel/.npm/generator-esri-bootstrap-map/0.3.0/package
71 verbose tar unpack /Users/joel/.npm/generator-esri-bootstrap-map/0.3.0/package.tgz
72 silly lockFile b6cce21b-esri-bootstrap-map-0-3-0-package tar:///Users/joel/.npm/generator-esri-bootstrap-map/0.3.0/package
73 verbose lock tar:///Users/joel/.npm/generator-esri-bootstrap-map/0.3.0/package /Users/joel/.npm/b6cce21b-esri-bootstrap-map-0-3-0-package.lock
74 silly lockFile 6af71f78--bootstrap-map-0-3-0-package-tgz tar:///Users/joel/.npm/generator-esri-bootstrap-map/0.3.0/package.tgz
75 verbose lock tar:///Users/joel/.npm/generator-esri-bootstrap-map/0.3.0/package.tgz /Users/joel/.npm/6af71f78--bootstrap-map-0-3-0-package-tgz.lock
76 silly gunzTarPerm modes [ '755', '644' ]
77 silly gunzTarPerm extractEntry package.json
78 silly gunzTarPerm extractEntry README.md
79 silly gunzTarPerm extractEntry app/index.js
80 silly gunzTarPerm extractEntry app/templates/package.json
81 silly gunzTarPerm extractEntry app/templates/.npmignore
82 silly gunzTarPerm extractEntry app/templates/_dojo-config.js
83 silly gunzTarPerm extractEntry app/templates/Gruntfile.js
84 silly gunzTarPerm extractEntry app/templates/_bootstrapmap.js
85 silly gunzTarPerm extractEntry app/templates/jshintrc
86 silly gunzTarPerm extractEntry app/templates/_bootstrapmap.css
87 silly gunzTarPerm extractEntry app/templates/bower.json
88 silly gunzTarPerm extractEntry app/templates/map-fullmap/_map.js
89 silly gunzTarPerm extractEntry app/templates/map-fullmap/_index.html
90 silly gunzTarPerm extractEntry app/templates/map-fullmap/_style.css
91 silly gunzTarPerm extractEntry app/templates/map-geosearch/_map.js
92 silly gunzTarPerm extractEntry app/templates/map-geosearch/_index.html
93 silly gunzTarPerm extractEntry app/templates/map-geosearch/_style.css
94 silly gunzTarPerm extractEntry app/templates/map-starter/_map.js
95 silly gunzTarPerm extractEntry app/templates/map-starter/_index.html
96 silly gunzTarPerm extractEntry app/templates/map-starter/_style.css
97 silly gunzTarPerm extractEntry app/templates/map-webmap/_map.js
98 silly gunzTarPerm extractEntry app/templates/map-webmap/_index.html
99 silly gunzTarPerm extractEntry app/templates/map-webmap/_style.css
100 silly gunzTarPerm extractEntry app/templates/editorconfig
101 silly lockFile b6cce21b-esri-bootstrap-map-0-3-0-package tar:///Users/joel/.npm/generator-esri-bootstrap-map/0.3.0/package
102 silly lockFile b6cce21b-esri-bootstrap-map-0-3-0-package tar:///Users/joel/.npm/generator-esri-bootstrap-map/0.3.0/package
103 silly lockFile 6af71f78--bootstrap-map-0-3-0-package-tgz tar:///Users/joel/.npm/generator-esri-bootstrap-map/0.3.0/package.tgz
104 silly lockFile 6af71f78--bootstrap-map-0-3-0-package-tgz tar:///Users/joel/.npm/generator-esri-bootstrap-map/0.3.0/package.tgz
105 verbose chmod /Users/joel/.npm/generator-esri-bootstrap-map/0.3.0/package.tgz 644
106 verbose chown /Users/joel/.npm/generator-esri-bootstrap-map/0.3.0/package.tgz [ 501, 20 ]
107 silly lockFile 3a52ce78- .
108 silly lockFile 3a52ce78- .
109 silly publish { name: 'generator-esri-bootstrap-map',
109 silly publish   version: '0.3.0',
109 silly publish   description: 'Yeoman generator for esri-bootstrap-map',
109 silly publish   license: 'Apache 2.0',
109 silly publish   main: 'app/index.js',
109 silly publish   repository:
109 silly publish    { type: 'git',
109 silly publish      url: 'git://github.com/knu2xs/generator-esri-bootstrap-map' },
109 silly publish   author:
109 silly publish    { name: 'Joel McCune',
109 silly publish      email: 'joel.mccune@gmail.com',
109 silly publish      url: 'https://github.com/knu2xs' },
109 silly publish   engines: { node: '>=0.10.0' },
109 silly publish   scripts: { test: 'mocha' },
109 silly publish   files: [ 'app' ],
109 silly publish   keywords: [ 'yeoman-generator', 'esri', 'esri-bootstrap-map-js' ],
109 silly publish   dependencies:
109 silly publish    { chalk: '~0.4.0',
109 silly publish      grunt: '~0.4.5',
109 silly publish      'yeoman-generator': '~0.16.0',
109 silly publish      yosay: '^0.1.0' },
109 silly publish   devDependencies: { mocha: '*' },
109 silly publish   peerDependencies: { yo: '>=1.0.0' },
109 silly publish   readme: '# generator-esri-bootstrap-map [![Build Status](https://secure.travis-ci.org/knu2xs/generator-esri-bootstrap-map.png?branch=master)](https://travis-ci.org/knu2xs/generator-esri-bootstrap-map)\n\nEsri created [Esri-Bootstrap-Map-JS](https://github.com/Esri/bootstrap-map-js), a really slick set of templates combining [Twitter Bootstrap](http://getbootstrap.com) and the [Esri ArcGIS JavaScript API](https://developers.arcgis.com/javascript/). Although the project comes with four templates, it took me the better part of an afternoon to get one of them working the first time around. It really should not be this difficult.\n\n![App](https://raw.github.com/Esri/bootstrap-map-js/master/bootstrapmapjs.png)\n\nEnter this project, a [Yeoman](http://yeoman.io/) Generator for Esri-Bootstrap-Map-JS. This project, Generator-Esri-Bootstrap-Map, marries Yeoman with slightly refactored versions of the four templates included in the original repository created by Esri. Using Yeoman cuts the learning curve from an afternoon to about five minutes to get up and running with these templates.\n\n## BIG DISCLAIMER & Status (13 Jul 2014)\nThis thing is under heavy development. Right now my initial and very limited testing indicates it will create the templates and the templates will run. However, live reloading is not yet working and I have yet to figure out how to write tests. Still, I encourage you to install it from the npm using the instructions below, test and help to flesh it out if you know more about this than I do! \n\n## Installation\n\nTo utilize this project, you will need [Node.js](http://nodejs.org/) installed with [Yeoman](http://yeoman.io) and this generator, generator-esri-bootstrap-map installed in Yeoman. Fret not. Installation is much easier than installing ArcMap.\n\n### 1) Install Node.js\n\nHead over to [Node.js](http://nodejs.org/) and whack the big green install button right in the middle of the landing page. Run the install for your platform. You now have Node.js installed on your computer with the Node Package Manager. You will now use the node package manager to install Yeoman.\n\n### 2) Install Yeoman\nInstalling Yeoman is pretty easy. Just enter the following command at the command prompt.\n\n```bash\nnpm install -g yo\n```\n\nAlthough Yeoman does require and use both [Bower](http://bower.io) and [Grunt](http://gruntjs.com/), NPM takes care of downloading and installing these dependencies for you. Yes, NPM takes care of a lot of potential headaches for you.\n\n### 3) Install this generator\n\nFinally, to install generator-esri-bootstrap-map from npm, run:\n\n```bash\nnpm install -g generator-esri-bootstrap-map\n```\n\n\n## Use\n\nTo use the generator, create a directory, navigate to it at the command line and scaffold your new web application by entering the following. \n\n```bash\nyo esri-bootstrap-map\n```\n\nThis will move some files around and download JQuery and Bootstrap. Once the waterfall of text stops and you are again looking at a command prompt, get the application set up using a grunt command.\n\n```bash\ngrunt setup\n```\n\nNow everything is scaffolded out and you are ready to look at your handiwork. Do this by again using a little grunt.\n\n```bash\ngrunt serve\n```\n\nHopefully this helps you out!\n\n## Contribute\n\nThis project was started and is maintained by [a guy](http://joelmccune.com) with a degree in Parks, Recreation and Tourism who happens to really like maps, GIS and is interested in web development. If you can help and make it better, please fork it, improve it and shoot me a pull request! I welcome assistance and input to make this a better resource for everybody.\n\n# License\n\nLicensed under the Apache License, Version 2.0 (the "License"); you may not use this file except in compliance with the License. You may obtain a copy of the License at\n\nhttp://www.apache.org/licenses/LICENSE-2.0\n\nUnless required by applicable law or agreed to in writing, software distributed under the License is distributed on an "AS IS" BASIS, WITHOUT WARRANTIES OR CONDITIONS OF ANY KIND, either express or implied. See the License for the specific language governing permissions and limitations under the License.',
109 silly publish   readmeFilename: 'README.md',
109 silly publish   bugs: { url: 'https://github.com/knu2xs/generator-esri-bootstrap-map/issues' },
109 silly publish   homepage: 'https://github.com/knu2xs/generator-esri-bootstrap-map',
109 silly publish   _id: 'generator-esri-bootstrap-map@0.3.0',
109 silly publish   dist: { shasum: 'e1d23b099b1ea9d45183e6d1327a4047ac9b2d72' },
109 silly publish   _from: '.' }
110 verbose url raw generator-esri-bootstrap-map
111 verbose url resolving [ 'https://registry.npmjs.org/',
111 verbose url resolving   './generator-esri-bootstrap-map' ]
112 verbose url resolved https://registry.npmjs.org/generator-esri-bootstrap-map
113 info trying registry request attempt 1 at 21:34:25
114 http PUT https://registry.npmjs.org/generator-esri-bootstrap-map
115 http 403 https://registry.npmjs.org/generator-esri-bootstrap-map
116 info trying registry request attempt 1 at 21:34:27
117 http PUT https://registry.npmjs.org/generator-esri-bootstrap-map
118 http 403 https://registry.npmjs.org/generator-esri-bootstrap-map
119 error publish Failed PUT 403
120 error Error: forbidden cannot modify pre-existing version: 0.3.0
120 error old={"name":"generator-esri-bootstrap-map","version":"0.3.0","description":"Yeoman generator for esri-bootstrap-map","license":"Apache 2.0","main":"app/index.js","repository":{"type":"git","url":"git://github.com/knu2xs/generator-esri-bootstrap-map"},"author":{"name":"Joel McCune","email":"joel.mccune@gmail.com","url":"https://github.com/knu2xs"},"engines":{"node":">=0.10.0"},"scripts":{"test":"mocha"},"files":["app"],"keywords":["yeoman-generator","esri","esri-bootstrap-map-js"],"dependencies":{"chalk":"~0.4.0","grunt":"~0.4.5","yeoman-generator":"~0.16.0","yosay":"^0.1.0"},"devDependencies":{"mocha":"*"},"peerDependencies":{"yo":">=1.0.0"},"bugs":{"url":"https://github.com/knu2xs/generator-esri-bootstrap-map/issues"},"homepage":"https://github.com/knu2xs/generator-esri-bootstrap-map","_id":"generator-esri-bootstrap-map@0.3.0","dist":{"shasum":"1d6146c47f0bde93dacf77b7e15aed81a7f53701","tarball":"http://registry.npmjs.org/generator-esri-bootstrap-map/-/generator-esri-bootstrap-map-0.3.0.tgz"},"_from":".","_npmVersion":"1.3.24","_npmUser":{"name":"knu2xs","email":"joel.mccune@gmail.com"},"maintainers":[{"name":"knu2xs","email":"joel.mccune@gmail.com"}]}
120 error new={"name":"generator-esri-bootstrap-map","version":"0.3.0","description":"Yeoman generator for esri-bootstrap-map","license":"Apache 2.0","main":"app/index.js","repository":{"type":"git","url":"git://github.com/knu2xs/generator-esri-bootstrap-map"},"author":{"name":"Joel McCune","email":"joel.mccune@gmail.com","url":"https://github.com/knu2xs"},"engines":{"node":">=0.10.0"},"scripts":{"test":"mocha"},"files":["app"],"keywords":["yeoman-generator","esri","esri-bootstrap-map-js"],"dependencies":{"chalk":"~0.4.0","grunt":"~0.4.5","yeoman-generator":"~0.16.0","yosay":"^0.1.0"},"devDependencies":{"mocha":"*"},"peerDependencies":{"yo":">=1.0.0"},"readme":"# generator-esri-bootstrap-map [![Build Status](https://secure.travis-ci.org/knu2xs/generator-esri-bootstrap-map.png?branch=master)](https://travis-ci.org/knu2xs/generator-esri-bootstrap-map)\u000a\u000aEsri created [Esri-Bootstrap-Map-JS](https://github.com/Esri/bootstrap-map-js), a really slick set of templates combining [Twitter Bootstrap](http://getbootstrap.com) and the [Esri ArcGIS JavaScript API](https://developers.arcgis.com/javascript/). Although the project comes with four templates, it took me the better part of an afternoon to get one of them working the first time around. It really should not be this difficult.\u000a\u000a![App](https://raw.github.com/Esri/bootstrap-map-js/master/bootstrapmapjs.png)\u000a\u000aEnter this project, a [Yeoman](http://yeoman.io/) Generator for Esri-Bootstrap-Map-JS. This project, Generator-Esri-Bootstrap-Map, marries Yeoman with slightly refactored versions of the four templates included in the original repository created by Esri. Using Yeoman cuts the learning curve from an afternoon to about five minutes to get up and running with these templates.\u000a\u000a## BIG DISCLAIMER & Status (13 Jul 2014)\u000aThis thing is under heavy development. Right now my initial and very limited testing indicates it will create the templates and the templates will run. However, live reloading is not yet working and I have yet to figure out how to write tests. Still, I encourage you to install it from the npm using the instructions below, test and help to flesh it out if you know more about this than I do! \u000a\u000a## Installation\u000a\u000aTo utilize this project, you will need [Node.js](http://nodejs.org/) installed with [Yeoman](http://yeoman.io) and this generator, generator-esri-bootstrap-map installed in Yeoman. Fret not. Installation is much easier than installing ArcMap.\u000a\u000a### 1) Install Node.js\u000a\u000aHead over to [Node.js](http://nodejs.org/) and whack the big green install button right in the middle of the landing page. Run the install for your platform. You now have Node.js installed on your computer with the Node Package Manager. You will now use the node package manager to install Yeoman.\u000a\u000a### 2) Install Yeoman\u000aInstalling Yeoman is pretty easy. Just enter the following command at the command prompt.\u000a\u000a```bash\u000anpm install -g yo\u000a```\u000a\u000aAlthough Yeoman does require and use both [Bower](http://bower.io) and [Grunt](http://gruntjs.com/), NPM takes care of downloading and installing these dependencies for you. Yes, NPM takes care of a lot of potential headaches for you.\u000a\u000a### 3) Install this generator\u000a\u000aFinally, to install generator-esri-bootstrap-map from npm, run:\u000a\u000a```bash\u000anpm install -g generator-esri-bootstrap-map\u000a```\u000a\u000a\u000a## Use\u000a\u000aTo use the generator, create a directory, navigate to it at the command line and scaffold your new web application by entering the following. \u000a\u000a```bash\u000ayo esri-bootstrap-map\u000a```\u000a\u000aThis will move some files around and download JQuery and Bootstrap. Once the waterfall of text stops and you are again looking at a command prompt, get the application set up using a grunt command.\u000a\u000a```bash\u000agrunt setup\u000a```\u000a\u000aNow everything is scaffolded out and you are ready to look at your handiwork. Do this by again using a little grunt.\u000a\u000a```bash\u000agrunt serve\u000a```\u000a\u000aHopefully this helps you out!\u000a\u000a## Contribute\u000a\u000aThis project was started and is maintained by [a guy](http://joelmccune.com) with a degree in Parks, Recreation and Tourism who happens to really like maps, GIS and is interested in web development. If you can help and make it better, please fork it, improve it and shoot me a pull request! I welcome assistance and input to make this a better resource for everybody.\u000a\u000a# License\u000a\u000aLicensed under the Apache License, Version 2.0 (the \"License\"); you may not use this file except in compliance with the License. You may obtain a copy of the License at\u000a\u000ahttp://www.apache.org/licenses/LICENSE-2.0\u000a\u000aUnless required by applicable law or agreed to in writing, software distributed under the License is distributed on an \"AS IS\" BASIS, WITHOUT WARRANTIES OR CONDITIONS OF ANY KIND, either express or implied. See the License for the specific language governing permissions and limitations under the License.","readmeFilename":"README.md","bugs":{"url":"https://github.com/knu2xs/generator-esri-bootstrap-map/issues"},"homepage":"https://github.com/knu2xs/generator-esri-bootstrap-map","_id":"generator-esri-bootstrap-map@0.3.0","dist":{"shasum":"e1d23b099b1ea9d45183e6d1327a4047ac9b2d72","tarball":"http://registry.npmjs.org/generator-esri-bootstrap-map/-/generator-esri-bootstrap-map-0.3.0.tgz"},"_from":".","_npmVersion":"1.3.24","_npmUser":{"name":"knu2xs","email":"joel.mccune@gmail.com"},"maintainers":[{"name":"knu2xs","email":"joel.mccune@gmail.com"}]}: generator-esri-bootstrap-map
120 error     at RegClient.<anonymous> (/usr/local/Cellar/node/0.10.25/lib/node_modules/npm/node_modules/npm-registry-client/lib/request.js:275:14)
120 error     at Request.self.callback (/usr/local/Cellar/node/0.10.25/lib/node_modules/npm/node_modules/request/request.js:123:22)
120 error     at Request.EventEmitter.emit (events.js:98:17)
120 error     at Request.<anonymous> (/usr/local/Cellar/node/0.10.25/lib/node_modules/npm/node_modules/request/request.js:893:14)
120 error     at Request.EventEmitter.emit (events.js:117:20)
120 error     at IncomingMessage.<anonymous> (/usr/local/Cellar/node/0.10.25/lib/node_modules/npm/node_modules/request/request.js:844:12)
120 error     at IncomingMessage.EventEmitter.emit (events.js:117:20)
120 error     at _stream_readable.js:920:16
120 error     at process._tickCallback (node.js:415:13)
121 error If you need help, you may report this *entire* log,
121 error including the npm and node versions, at:
121 error     <http://github.com/isaacs/npm/issues>
122 error System Darwin 13.3.0
123 error command "/usr/local/Cellar/node/0.10.25/bin/node" "/usr/local/bin/npm" "publish"
124 error cwd /Users/joel/dev/generator-esri-bootstrap-map
125 error node -v v0.10.25
126 error npm -v 1.3.24
127 verbose exit [ 1, true ]
